<?xml version="1.0" encoding="UTF-8"?>
<!-- Generated by org.testng.reporters.JUnitReportReporter -->
<testsuite skipped="0" hostname="BSL-BNG-L234" name="TestCases.GoogleSearchEngineTest" tests="1" failures="0" timestamp="30 Sep 2019 11:05:17 GMT" time="10.059" errors="0">
  <testcase name="enterValueTest" time="10.059" classname="TestCases.GoogleSearchEngineTest"/>
</testsuite> <!-- TestCases.GoogleSearchEngineTest -->
