<?xml version="1.0" encoding="UTF-8"?>
<!-- Generated by org.testng.reporters.JUnitReportReporter -->
<testsuite skipped="0" hostname="BSL-BNG-L234" name="GiveIndia.testcase1" tests="1" failures="0" timestamp="13 Oct 2019 11:50:12 GMT" time="16.041" errors="0">
  <testcase name="test1" time="16.041" classname="GiveIndia.testcase1"/>
</testsuite> <!-- GiveIndia.testcase1 -->
